[Sun Apr 19 12:55:27 2026] PHP 8.3.6 Development Server (http://localhost:8000) started
[Sun Apr 19 12:55:30 2026] [::1]:52288 Accepted
[Sun Apr 19 12:55:30 2026] [::1]:52288 [500]: HEAD /index.php - Uncaught TypeError: strtolower(): Argument #1 ($string) must be of type string, array given in /app/include/translator.class.php:58
Stack trace:
#0 /app/include/translator.class.php(58): strtolower()
#1 /app/include/translations.inc.php(31): Translator->getBestAcceptLang()
#2 /app/include/dbconnect.php(207): include('...')
#3 /app/index.php(2): include('...')
#4 {main}
  thrown in /app/include/translator.class.php on line 58
[Sun Apr 19 12:55:30 2026] [::1]:52288 Closing
[Sun Apr 19 12:55:39 2026] [::1]:33102 Accepted
[Sun Apr 19 12:55:39 2026] [::1]:33102 [500]: GET /index.php - Uncaught TypeError: strtolower(): Argument #1 ($string) must be of type string, array given in /app/include/translator.class.php:58
Stack trace:
#0 /app/include/translator.class.php(58): strtolower()
#1 /app/include/translations.inc.php(31): Translator->getBestAcceptLang()
#2 /app/include/dbconnect.php(207): include('...')
#3 /app/index.php(2): include('...')
#4 {main}
  thrown in /app/include/translator.class.php on line 58
[Sun Apr 19 12:55:39 2026] [::1]:33102 Closing
[Sun Apr 19 12:56:03 2026] [::1]:47012 Accepted
[Sun Apr 19 12:56:03 2026] [::1]:47012 [500]: HEAD /index.php - Uncaught mysqli_sql_exception: Variable 'sql_mode' can't be set to the value of 'MYSQL40' in /app/include/mysql_shim.php:13
Stack trace:
#0 /app/include/mysql_shim.php(13): mysqli_query()
#1 /app/include/dbconnect.php(223): mysql_query()
#2 /app/index.php(2): include('...')
#3 {main}
  thrown in /app/include/mysql_shim.php on line 13
[Sun Apr 19 12:56:03 2026] [::1]:47012 Closing
[Sun Apr 19 12:56:18 2026] [::1]:42194 Accepted
[Sun Apr 19 12:56:18 2026] [::1]:42194 [200]: GET /index.php
[Sun Apr 19 12:56:18 2026] [::1]:42194 Closing
[Sun Apr 19 12:56:59 2026] [::1]:55518 Accepted
[Sun Apr 19 12:56:59 2026] [::1]:55518 [500]: GET / - Uncaught Error: Call to a member function seekto() on null in /app/lib/gettext/gettext.php:148
Stack trace:
#0 /app/lib/gettext/gettext.php(254): gettext_reader->load_tables()
#1 /app/lib/gettext/gettext.inc(279): gettext_reader->translate()
#2 /app/lib/gettext/gettext.inc(403): _gettext()
#3 /app/include/translator.class.php(206): T_gettext()
#4 /app/include/translator.class.php(112): GetTextTranslator->msg()
#5 /app/include/translations.inc.php(53): Translator->ucfmsg()
#6 /app/include/dbconnect.php(241): ucfmsg()
#7 /app/index.php(2): include('...')
#8 {main}
  thrown in /app/lib/gettext/gettext.php on line 148
[Sun Apr 19 12:56:59 2026] [::1]:55518 Closing
[Sun Apr 19 12:56:59 2026] [::1]:55522 Accepted
[Sun Apr 19 12:56:59 2026] [::1]:55522 [200]: GET /iphone.css
[Sun Apr 19 12:56:59 2026] [::1]:55522 Closing
[Sun Apr 19 12:56:59 2026] [::1]:55532 Accepted
[Sun Apr 19 12:56:59 2026] [::1]:55532 [200]: GET /skins/header-red.jpg
[Sun Apr 19 12:56:59 2026] [::1]:55532 Closing
[Sun Apr 19 12:57:00 2026] [::1]:55544 Accepted
[Sun Apr 19 12:57:00 2026] [::1]:55544 [500]: GET /edit.php - Uncaught Error: Call to a member function seekto() on null in /app/lib/gettext/gettext.php:148
Stack trace:
#0 /app/lib/gettext/gettext.php(254): gettext_reader->load_tables()
#1 /app/lib/gettext/gettext.inc(279): gettext_reader->translate()
#2 /app/lib/gettext/gettext.inc(403): _gettext()
#3 /app/include/translator.class.php(206): T_gettext()
#4 /app/include/translator.class.php(112): GetTextTranslator->msg()
#5 /app/include/translations.inc.php(53): Translator->ucfmsg()
#6 /app/include/dbconnect.php(241): ucfmsg()
#7 /app/edit.php(3): include('...')
#8 {main}
  thrown in /app/lib/gettext/gettext.php on line 148
[Sun Apr 19 12:57:00 2026] [::1]:55544 Closing
[Sun Apr 19 12:57:00 2026] [::1]:55552 Accepted
[Sun Apr 19 12:57:00 2026] [::1]:55552 [200]: GET /iphone.css
[Sun Apr 19 12:57:00 2026] [::1]:55552 Closing
[Sun Apr 19 12:57:00 2026] [::1]:55564 Accepted
[Sun Apr 19 12:57:00 2026] [::1]:55564 [200]: GET /skins/header-red.jpg
[Sun Apr 19 12:57:00 2026] [::1]:55564 Closing
[Sun Apr 19 12:57:00 2026] [::1]:55574 Accepted
[Sun Apr 19 12:57:00 2026] [::1]:55574 [500]: GET /group.php - Uncaught Error: Call to a member function seekto() on null in /app/lib/gettext/gettext.php:148
Stack trace:
#0 /app/lib/gettext/gettext.php(254): gettext_reader->load_tables()
#1 /app/lib/gettext/gettext.inc(279): gettext_reader->translate()
#2 /app/lib/gettext/gettext.inc(403): _gettext()
#3 /app/include/translator.class.php(206): T_gettext()
#4 /app/include/translator.class.php(112): GetTextTranslator->msg()
#5 /app/include/translations.inc.php(53): Translator->ucfmsg()
#6 /app/include/dbconnect.php(241): ucfmsg()
#7 /app/group.php(3): include('...')
#8 {main}
  thrown in /app/lib/gettext/gettext.php on line 148
[Sun Apr 19 12:57:00 2026] [::1]:55574 Closing
[Sun Apr 19 12:57:00 2026] [::1]:55576 Accepted
[Sun Apr 19 12:57:00 2026] [::1]:55576 [200]: GET /iphone.css
[Sun Apr 19 12:57:00 2026] [::1]:55576 Closing
[Sun Apr 19 12:57:00 2026] [::1]:55582 Accepted
[Sun Apr 19 12:57:00 2026] [::1]:55582 [200]: GET /skins/header-red.jpg
[Sun Apr 19 12:57:00 2026] [::1]:55582 Closing
[Sun Apr 19 12:57:00 2026] [::1]:55598 Accepted
[Sun Apr 19 12:57:00 2026] [::1]:55598 [500]: GET /birthdays.php - Uncaught Error: Call to a member function seekto() on null in /app/lib/gettext/gettext.php:148
Stack trace:
#0 /app/lib/gettext/gettext.php(254): gettext_reader->load_tables()
#1 /app/lib/gettext/gettext.inc(279): gettext_reader->translate()
#2 /app/lib/gettext/gettext.inc(403): _gettext()
#3 /app/include/translator.class.php(206): T_gettext()
#4 /app/include/translator.class.php(112): GetTextTranslator->msg()
#5 /app/include/translations.inc.php(53): Translator->ucfmsg()
#6 /app/include/dbconnect.php(241): ucfmsg()
#7 /app/birthdays.php(3): include('...')
#8 {main}
  thrown in /app/lib/gettext/gettext.php on line 148
[Sun Apr 19 12:57:00 2026] [::1]:55598 Closing
[Sun Apr 19 12:57:00 2026] [::1]:55614 Accepted
[Sun Apr 19 12:57:00 2026] [::1]:55614 [200]: GET /iphone.css
[Sun Apr 19 12:57:00 2026] [::1]:55614 Closing
[Sun Apr 19 12:57:00 2026] [::1]:55628 Accepted
[Sun Apr 19 12:57:00 2026] [::1]:55628 [200]: GET /skins/header-red.jpg
[Sun Apr 19 12:57:00 2026] [::1]:55628 Closing
[Sun Apr 19 12:57:00 2026] [::1]:55644 Accepted
[Sun Apr 19 12:57:00 2026] [::1]:55644 [500]: GET /view.php?all&print - Uncaught Error: Call to a member function seekto() on null in /app/lib/gettext/gettext.php:148
Stack trace:
#0 /app/lib/gettext/gettext.php(254): gettext_reader->load_tables()
#1 /app/lib/gettext/gettext.inc(279): gettext_reader->translate()
#2 /app/lib/gettext/gettext.inc(403): _gettext()
#3 /app/include/translator.class.php(206): T_gettext()
#4 /app/include/translator.class.php(112): GetTextTranslator->msg()
#5 /app/include/translations.inc.php(53): Translator->ucfmsg()
#6 /app/include/dbconnect.php(241): ucfmsg()
#7 /app/view.php(2): include('...')
#8 {main}
  thrown in /app/lib/gettext/gettext.php on line 148
[Sun Apr 19 12:57:00 2026] [::1]:55644 Closing
[Sun Apr 19 12:57:00 2026] [::1]:55650 Accepted
[Sun Apr 19 12:57:00 2026] [::1]:55650 [200]: GET /iphone.css
[Sun Apr 19 12:57:00 2026] [::1]:55650 Closing
[Sun Apr 19 12:57:00 2026] [::1]:55662 Accepted
[Sun Apr 19 12:57:00 2026] [::1]:55662 [200]: GET /skins/header-red.jpg
[Sun Apr 19 12:57:00 2026] [::1]:55662 Closing
[Sun Apr 19 12:57:00 2026] [::1]:55664 Accepted
[Sun Apr 19 12:57:00 2026] [::1]:55664 [500]: GET /view.php?all&print&phones - Uncaught Error: Call to a member function seekto() on null in /app/lib/gettext/gettext.php:148
Stack trace:
#0 /app/lib/gettext/gettext.php(254): gettext_reader->load_tables()
#1 /app/lib/gettext/gettext.inc(279): gettext_reader->translate()
#2 /app/lib/gettext/gettext.inc(403): _gettext()
#3 /app/include/translator.class.php(206): T_gettext()
#4 /app/include/translator.class.php(112): GetTextTranslator->msg()
#5 /app/include/translations.inc.php(53): Translator->ucfmsg()
#6 /app/include/dbconnect.php(241): ucfmsg()
#7 /app/view.php(2): include('...')
#8 {main}
  thrown in /app/lib/gettext/gettext.php on line 148
[Sun Apr 19 12:57:00 2026] [::1]:55664 Closing
[Sun Apr 19 12:57:00 2026] [::1]:55668 Accepted
[Sun Apr 19 12:57:00 2026] [::1]:55668 [200]: GET /iphone.css
[Sun Apr 19 12:57:00 2026] [::1]:55668 Closing
[Sun Apr 19 12:57:00 2026] [::1]:55680 Accepted
[Sun Apr 19 12:57:00 2026] [::1]:55680 [200]: GET /skins/header-red.jpg
[Sun Apr 19 12:57:00 2026] [::1]:55680 Closing
[Sun Apr 19 12:57:00 2026] [::1]:55684 Accepted
[Sun Apr 19 12:57:00 2026] [::1]:55684 [500]: GET /export.php - Uncaught Error: Call to a member function seekto() on null in /app/lib/gettext/gettext.php:148
Stack trace:
#0 /app/lib/gettext/gettext.php(254): gettext_reader->load_tables()
#1 /app/lib/gettext/gettext.inc(279): gettext_reader->translate()
#2 /app/lib/gettext/gettext.inc(403): _gettext()
#3 /app/include/translator.class.php(206): T_gettext()
#4 /app/include/translator.class.php(112): GetTextTranslator->msg()
#5 /app/include/translations.inc.php(53): Translator->ucfmsg()
#6 /app/include/dbconnect.php(241): ucfmsg()
#7 /app/export.php(2): include('...')
#8 {main}
  thrown in /app/lib/gettext/gettext.php on line 148
[Sun Apr 19 12:57:00 2026] [::1]:55684 Closing
[Sun Apr 19 12:57:00 2026] [::1]:55698 Accepted
[Sun Apr 19 12:57:00 2026] [::1]:55698 [200]: GET /iphone.css
[Sun Apr 19 12:57:00 2026] [::1]:55698 Closing
[Sun Apr 19 12:57:00 2026] [::1]:55710 Accepted
[Sun Apr 19 12:57:00 2026] [::1]:55710 [200]: GET /skins/header-red.jpg
[Sun Apr 19 12:57:00 2026] [::1]:55710 Closing
[Sun Apr 19 12:57:00 2026] [::1]:55712 Accepted
[Sun Apr 19 12:57:00 2026] [::1]:55712 [500]: GET /import.php - Uncaught Error: Call to a member function seekto() on null in /app/lib/gettext/gettext.php:148
Stack trace:
#0 /app/lib/gettext/gettext.php(254): gettext_reader->load_tables()
#1 /app/lib/gettext/gettext.inc(279): gettext_reader->translate()
#2 /app/lib/gettext/gettext.inc(403): _gettext()
#3 /app/include/translator.class.php(206): T_gettext()
#4 /app/include/translator.class.php(112): GetTextTranslator->msg()
#5 /app/include/translations.inc.php(53): Translator->ucfmsg()
#6 /app/include/dbconnect.php(241): ucfmsg()
#7 /app/import.php(2): include('...')
#8 {main}
  thrown in /app/lib/gettext/gettext.php on line 148
[Sun Apr 19 12:57:00 2026] [::1]:55712 Closing
[Sun Apr 19 12:57:00 2026] [::1]:55714 Accepted
[Sun Apr 19 12:57:00 2026] [::1]:55714 [200]: GET /iphone.css
[Sun Apr 19 12:57:00 2026] [::1]:55714 Closing
[Sun Apr 19 12:57:00 2026] [::1]:55720 Accepted
[Sun Apr 19 12:57:00 2026] [::1]:55720 [200]: GET /skins/header-red.jpg
[Sun Apr 19 12:57:00 2026] [::1]:55720 Closing
